2022-01-24 11:17:35,207 Request DEBUG 发送post请求 
2022-01-24 11:17:35,391 Request DEBUG 发送post请求 
2022-01-24 11:17:35,563 Request DEBUG 发送post请求 
2022-01-24 11:17:35,745 Request DEBUG 发送post请求 
2022-01-24 11:19:02,076 Request DEBUG 发送post请求 
2022-01-24 11:19:02,452 Request DEBUG 发送post请求 
2022-01-24 11:19:02,625 Request DEBUG 发送post请求 
2022-01-24 11:19:02,851 Request DEBUG 发送post请求 
2022-01-24 11:20:14,489 Request DEBUG 发送post请求 
2022-01-24 11:20:14,661 Request DEBUG 发送post请求 
2022-01-24 11:20:14,819 Request DEBUG 发送post请求 
2022-01-24 11:20:14,983 Request DEBUG 发送post请求 
2022-01-24 11:34:58,003 Request DEBUG 发送post请求 
2022-01-24 11:34:58,154 AssertUtil ERROR code error,code is {'code': 'success', 'data': {'autoAppointRuleId': 0, 'autoAppointRuleName': '', 'hasWaitAuditSettlementChange': False, 'innovative': {'lastOrderInfo': None, 'orderRecordExists': {'customized': True, 'renovation': True}}, 'isFirstOrder': '0', 'lastOrderType': 'order', 'orderInfo': None, 'orderUserCount': '406874', 'reOrderToken': 'c1bc5e5a48de4012bcb54e7b3a559875', 'serveMenuInfo': {'lastCategoryId': 6, 'lastServeType': 4, 'selectCategoryId': 6, 'selectServeType': 4, 'serveCategoryInfoList': [{'categoryId': 1, 'serveTypeInfoList': [{'serveType': 1, 'serveTypeId': 1, 'supportDefinitePrice': False, 'supportOfferPrice': True}, {'serveType': 2, 'serveTypeId': 2, 'supportDefinitePrice': False, 'supportOfferPrice': True}, {'serveType': 3, 'serveTypeId': 3, 'supportDefinitePrice': False, 'supportOfferPrice': True}, {'serveType': 4, 'serveTypeId': 4, 'supportDefinitePrice': False, 'supportOfferPrice': True}, {'serveType': 5, 'serveTypeId': 5, 'supportDefinitePrice': False, 'supportOfferPrice': True}, {'serveType': 6, 'serveTypeId': 6, 'supportDefinitePrice': False, 'supportOfferPrice': True}, {'serveType': 7, 'serveTypeId': 7, 'supportDefinitePrice': False, 'supportOfferPrice': True}], 'serverTypeIdList': [1, 2, 3, 4, 5, 6, 7]}, {'categoryId': 2, 'serveTypeInfoList': [{'serveType': 4, 'serveTypeId': 10, 'supportDefinitePrice': True, 'supportOfferPrice': True}, {'serveType': 5, 'serveTypeId': 11, 'supportDefinitePrice': False, 'supportOfferPrice': True}], 'serverTypeIdList': [10, 11]}, {'categoryId': 4, 'serveTypeInfoList': [{'serveType': 4, 'serveTypeId': 15, 'supportDefinitePrice': True, 'supportOfferPrice': True}, {'serveType': 9, 'serveTypeId': 49, 'supportDefinitePrice': False, 'supportOfferPrice': True}, {'serveType': 5, 'serveTypeId': 16, 'supportDefinitePrice': False, 'supportOfferPrice': True}, {'serveType': 2, 'serveTypeId': 13, 'supportDefinitePrice': False, 'supportOfferPrice': True}, {'serveType': 3, 'serveTypeId': 14, 'supportDefinitePrice': False, 'supportOfferPrice': True}, {'serveType': 6, 'serveTypeId': 18, 'supportDefinitePrice': False, 'supportOfferPrice': True}], 'serverTypeIdList': [15, 49, 16, 13, 14, 18]}, {'categoryId': 6, 'serveTypeInfoList': [{'serveType': 4, 'serveTypeId': 50, 'supportDefinitePrice': True, 'supportOfferPrice': True}, {'serveType': 9, 'serveTypeId': 51, 'supportDefinitePrice': True, 'supportOfferPrice': True}], 'serverTypeIdList': [50, 51]}, {'categoryId': 7, 'serveTypeInfoList': [{'serveType': 4, 'serveTypeId': 52, 'supportDefinitePrice': False, 'supportOfferPrice': True}, {'serveType': 9, 'serveTypeId': 53, 'supportDefinitePrice': True, 'supportOfferPrice': False}], 'serverTypeIdList': [52, 53]}, {'categoryId': 8, 'serveTypeInfoList': [{'serveType': 4, 'serveTypeId': 21, 'supportDefinitePrice': False, 'supportOfferPrice': True}], 'serverTypeIdList': [21]}, {'categoryId': 9, 'serveTypeInfoList': [{'serveType': 4, 'serveTypeId': 24, 'supportDefinitePrice': False, 'supportOfferPrice': True}], 'serverTypeIdList': [24]}, {'categoryId': 10, 'serveTypeInfoList': [{'serveType': 2, 'serveTypeId': 25, 'supportDefinitePrice': False, 'supportOfferPrice': True}, {'serveType': 3, 'serveTypeId': 26, 'supportDefinitePrice': False, 'supportOfferPrice': True}, {'serveType': 4, 'serveTypeId': 27, 'supportDefinitePrice': False, 'supportOfferPrice': True}, {'serveType': 6, 'serveTypeId': 28, 'supportDefinitePrice': False, 'supportOfferPrice': True}], 'serverTypeIdList': [25, 26, 27, 28]}, {'categoryId': 12, 'serveTypeInfoList': [{'serveType': 4, 'serveTypeId': 31, 'supportDefinitePrice': True, 'supportOfferPrice': True}, {'serveType': 5, 'serveTypeId': 32, 'supportDefinitePrice': False, 'supportOfferPrice': True}], 'serverTypeIdList': [31, 32]}, {'categoryId': 13, 'serveTypeInfoList': [{'serveType': 4, 'serveTypeId': 33, 'supportDefinitePrice': True, 'supportOfferPrice': True}, {'serveType': 5, 'serveTypeId': 34, 'supportDefinitePrice': False, 'supportOfferPrice': True}], 'serverTypeIdList': [33, 34]}, {'categoryId': 14, 'serveTypeInfoList': [{'serveType': 2, 'serveTypeId': 35, 'supportDefinitePrice': False, 'supportOfferPrice': True}, {'serveType': 3, 'serveTypeId': 36, 'supportDefinitePrice': False, 'supportOfferPrice': True}, {'serveType': 4, 'serveTypeId': 37, 'supportDefinitePrice': False, 'supportOfferPrice': True}, {'serveType': 6, 'serveTypeId': 38, 'supportDefinitePrice': False, 'supportOfferPrice': True}], 'serverTypeIdList': [35, 36, 37, 38]}, {'categoryId': 15, 'serveTypeInfoList': [{'serveType': 4, 'serveTypeId': 39, 'supportDefinitePrice': True, 'supportOfferPrice': True}, {'serveType': 5, 'serveTypeId': 40, 'supportDefinitePrice': False, 'supportOfferPrice': True}], 'serverTypeIdList': [39, 40]}, {'categoryId': 17, 'serveTypeInfoList': [{'serveType': 4, 'serveTypeId': 45, 'supportDefinitePrice': True, 'supportOfferPrice': True}, {'serveType': 5, 'serveTypeId': 46, 'supportDefinitePrice': False, 'supportOfferPrice': True}], 'serverTypeIdList': [45, 46]}, {'categoryId': 18, 'serveTypeInfoList': [{'serveType': 4, 'serveTypeId': 47, 'supportDefinitePrice': False, 'supportOfferPrice': True}, {'serveType': 5, 'serveTypeId': 48, 'supportDefinitePrice': False, 'supportOfferPrice': True}], 'serverTypeIdList': [47, 48]}, {'categoryId': 10001, 'serveTypeInfoList': [{'serveType': 220, 'serveTypeId': 100011000, 'supportDefinitePrice': False, 'supportOfferPrice': True}, {'serveType': 224, 'serveTypeId': 100011006, 'supportDefinitePrice': False, 'supportOfferPrice': True}, {'serveType': 227, 'serveTypeId': 100011012, 'supportDefinitePrice': False, 'supportOfferPrice': True}, {'serveType': 231, 'serveTypeId': 100011020, 'supportDefinitePrice': False, 'supportOfferPrice': True}, {'serveType': 212, 'serveTypeId': 100011026, 'supportDefinitePrice': False, 'supportOfferPrice': True}, {'serveType': 235, 'serveTypeId': 100011028, 'supportDefinitePrice': False, 'supportOfferPrice': True}, {'serveType': 221, 'serveTypeId': 100011002, 'supportDefinitePrice': False, 'supportOfferPrice': True}, {'serveType': 226, 'serveTypeId': 100011010, 'supportDefinitePrice': False, 'supportOfferPrice': True}, {'serveType': 228, 'serveTypeId': 100011014, 'supportDefinitePrice': False, 'supportOfferPrice': True}, {'serveType': 232, 'serveTypeId': 100011022, 'supportDefinitePrice': False, 'supportOfferPrice': True}, {'serveType': 236, 'serveTypeId': 100011030, 'supportDefinitePrice': False, 'supportOfferPrice': True}, {'serveType': 223, 'serveTypeId': 100011004, 'supportDefinitePrice': False, 'supportOfferPrice': True}, {'serveType': 225, 'serveTypeId': 100011008, 'supportDefinitePrice': False, 'supportOfferPrice': True}, {'serveType': 229, 'serveTypeId': 100011016, 'supportDefinitePrice': False, 'supportOfferPrice': True}, {'serveType': 233, 'serveTypeId': 100011024, 'supportDefinitePrice': False, 'supportOfferPrice': True}, {'serveType': 237, 'serveTypeId': 100011032, 'supportDefinitePrice': False, 'supportOfferPrice': True}, {'serveType': 230, 'serveTypeId': 100011018, 'supportDefinitePrice': False, 'supportOfferPrice': True}, {'serveType': 238, 'serveTypeId': 100011034, 'supportDefinitePrice': False, 'supportOfferPrice': True}], 'serverTypeIdList': [100011000, 100011006, 100011012, 100011020, 100011026, 100011028, 100011002, 100011010, 100011014, 100011022, 100011030, 100011004, 100011008, 100011016, 100011024, 100011032, 100011018, 100011034]}]}, 'toAccountInfo': None, 'userBlackInfoList': []}, 'msg': '', 'status': '1'},expected_code is 200.0 
2022-01-24 11:34:58,352 Request DEBUG 发送post请求 
2022-01-24 11:34:58,529 AssertUtil ERROR code error,code is {'code': 'success', 'data': {'autoAppointRuleId': 0, 'autoAppointRuleName': '', 'hasWaitAuditSettlementChange': False, 'innovative': {'lastOrderInfo': None, 'orderRecordExists': {'customized': True, 'renovation': True}}, 'isFirstOrder': '0', 'lastOrderType': 'order', 'orderInfo': None, 'orderUserCount': '406874', 'reOrderToken': '059938dc82204f4f9c7678f619da6ea3', 'serveMenuInfo': {'lastCategoryId': 6, 'lastServeType': 4, 'selectCategoryId': 6, 'selectServeType': 4, 'serveCategoryInfoList': [{'categoryId': 1, 'serveTypeInfoList': [{'serveType': 1, 'serveTypeId': 1, 'supportDefinitePrice': False, 'supportOfferPrice': True}, {'serveType': 2, 'serveTypeId': 2, 'supportDefinitePrice': False, 'supportOfferPrice': True}, {'serveType': 3, 'serveTypeId': 3, 'supportDefinitePrice': False, 'supportOfferPrice': True}, {'serveType': 4, 'serveTypeId': 4, 'supportDefinitePrice': False, 'supportOfferPrice': True}, {'serveType': 5, 'serveTypeId': 5, 'supportDefinitePrice': False, 'supportOfferPrice': True}, {'serveType': 6, 'serveTypeId': 6, 'supportDefinitePrice': False, 'supportOfferPrice': True}, {'serveType': 7, 'serveTypeId': 7, 'supportDefinitePrice': False, 'supportOfferPrice': True}], 'serverTypeIdList': [1, 2, 3, 4, 5, 6, 7]}, {'categoryId': 2, 'serveTypeInfoList': [{'serveType': 4, 'serveTypeId': 10, 'supportDefinitePrice': True, 'supportOfferPrice': True}, {'serveType': 5, 'serveTypeId': 11, 'supportDefinitePrice': False, 'supportOfferPrice': True}], 'serverTypeIdList': [10, 11]}, {'categoryId': 4, 'serveTypeInfoList': [{'serveType': 4, 'serveTypeId': 15, 'supportDefinitePrice': True, 'supportOfferPrice': True}, {'serveType': 9, 'serveTypeId': 49, 'supportDefinitePrice': False, 'supportOfferPrice': True}, {'serveType': 5, 'serveTypeId': 16, 'supportDefinitePrice': False, 'supportOfferPrice': True}, {'serveType': 2, 'serveTypeId': 13, 'supportDefinitePrice': False, 'supportOfferPrice': True}, {'serveType': 3, 'serveTypeId': 14, 'supportDefinitePrice': False, 'supportOfferPrice': True}, {'serveType': 6, 'serveTypeId': 18, 'supportDefinitePrice': False, 'supportOfferPrice': True}], 'serverTypeIdList': [15, 49, 16, 13, 14, 18]}, {'categoryId': 6, 'serveTypeInfoList': [{'serveType': 4, 'serveTypeId': 50, 'supportDefinitePrice': True, 'supportOfferPrice': True}, {'serveType': 9, 'serveTypeId': 51, 'supportDefinitePrice': True, 'supportOfferPrice': True}], 'serverTypeIdList': [50, 51]}, {'categoryId': 7, 'serveTypeInfoList': [{'serveType': 4, 'serveTypeId': 52, 'supportDefinitePrice': False, 'supportOfferPrice': True}, {'serveType': 9, 'serveTypeId': 53, 'supportDefinitePrice': True, 'supportOfferPrice': False}], 'serverTypeIdList': [52, 53]}, {'categoryId': 8, 'serveTypeInfoList': [{'serveType': 4, 'serveTypeId': 21, 'supportDefinitePrice': False, 'supportOfferPrice': True}], 'serverTypeIdList': [21]}, {'categoryId': 9, 'serveTypeInfoList': [{'serveType': 4, 'serveTypeId': 24, 'supportDefinitePrice': False, 'supportOfferPrice': True}], 'serverTypeIdList': [24]}, {'categoryId': 10, 'serveTypeInfoList': [{'serveType': 2, 'serveTypeId': 25, 'supportDefinitePrice': False, 'supportOfferPrice': True}, {'serveType': 3, 'serveTypeId': 26, 'supportDefinitePrice': False, 'supportOfferPrice': True}, {'serveType': 4, 'serveTypeId': 27, 'supportDefinitePrice': False, 'supportOfferPrice': True}, {'serveType': 6, 'serveTypeId': 28, 'supportDefinitePrice': False, 'supportOfferPrice': True}], 'serverTypeIdList': [25, 26, 27, 28]}, {'categoryId': 12, 'serveTypeInfoList': [{'serveType': 4, 'serveTypeId': 31, 'supportDefinitePrice': True, 'supportOfferPrice': True}, {'serveType': 5, 'serveTypeId': 32, 'supportDefinitePrice': False, 'supportOfferPrice': True}], 'serverTypeIdList': [31, 32]}, {'categoryId': 13, 'serveTypeInfoList': [{'serveType': 4, 'serveTypeId': 33, 'supportDefinitePrice': True, 'supportOfferPrice': True}, {'serveType': 5, 'serveTypeId': 34, 'supportDefinitePrice': False, 'supportOfferPrice': True}], 'serverTypeIdList': [33, 34]}, {'categoryId': 14, 'serveTypeInfoList': [{'serveType': 2, 'serveTypeId': 35, 'supportDefinitePrice': False, 'supportOfferPrice': True}, {'serveType': 3, 'serveTypeId': 36, 'supportDefinitePrice': False, 'supportOfferPrice': True}, {'serveType': 4, 'serveTypeId': 37, 'supportDefinitePrice': False, 'supportOfferPrice': True}, {'serveType': 6, 'serveTypeId': 38, 'supportDefinitePrice': False, 'supportOfferPrice': True}], 'serverTypeIdList': [35, 36, 37, 38]}, {'categoryId': 15, 'serveTypeInfoList': [{'serveType': 4, 'serveTypeId': 39, 'supportDefinitePrice': True, 'supportOfferPrice': True}, {'serveType': 5, 'serveTypeId': 40, 'supportDefinitePrice': False, 'supportOfferPrice': True}], 'serverTypeIdList': [39, 40]}, {'categoryId': 17, 'serveTypeInfoList': [{'serveType': 4, 'serveTypeId': 45, 'supportDefinitePrice': True, 'supportOfferPrice': True}, {'serveType': 5, 'serveTypeId': 46, 'supportDefinitePrice': False, 'supportOfferPrice': True}], 'serverTypeIdList': [45, 46]}, {'categoryId': 18, 'serveTypeInfoList': [{'serveType': 4, 'serveTypeId': 47, 'supportDefinitePrice': False, 'supportOfferPrice': True}, {'serveType': 5, 'serveTypeId': 48, 'supportDefinitePrice': False, 'supportOfferPrice': True}], 'serverTypeIdList': [47, 48]}, {'categoryId': 10001, 'serveTypeInfoList': [{'serveType': 220, 'serveTypeId': 100011000, 'supportDefinitePrice': False, 'supportOfferPrice': True}, {'serveType': 224, 'serveTypeId': 100011006, 'supportDefinitePrice': False, 'supportOfferPrice': True}, {'serveType': 227, 'serveTypeId': 100011012, 'supportDefinitePrice': False, 'supportOfferPrice': True}, {'serveType': 231, 'serveTypeId': 100011020, 'supportDefinitePrice': False, 'supportOfferPrice': True}, {'serveType': 212, 'serveTypeId': 100011026, 'supportDefinitePrice': False, 'supportOfferPrice': True}, {'serveType': 235, 'serveTypeId': 100011028, 'supportDefinitePrice': False, 'supportOfferPrice': True}, {'serveType': 221, 'serveTypeId': 100011002, 'supportDefinitePrice': False, 'supportOfferPrice': True}, {'serveType': 226, 'serveTypeId': 100011010, 'supportDefinitePrice': False, 'supportOfferPrice': True}, {'serveType': 228, 'serveTypeId': 100011014, 'supportDefinitePrice': False, 'supportOfferPrice': True}, {'serveType': 232, 'serveTypeId': 100011022, 'supportDefinitePrice': False, 'supportOfferPrice': True}, {'serveType': 236, 'serveTypeId': 100011030, 'supportDefinitePrice': False, 'supportOfferPrice': True}, {'serveType': 223, 'serveTypeId': 100011004, 'supportDefinitePrice': False, 'supportOfferPrice': True}, {'serveType': 225, 'serveTypeId': 100011008, 'supportDefinitePrice': False, 'supportOfferPrice': True}, {'serveType': 229, 'serveTypeId': 100011016, 'supportDefinitePrice': False, 'supportOfferPrice': True}, {'serveType': 233, 'serveTypeId': 100011024, 'supportDefinitePrice': False, 'supportOfferPrice': True}, {'serveType': 237, 'serveTypeId': 100011032, 'supportDefinitePrice': False, 'supportOfferPrice': True}, {'serveType': 230, 'serveTypeId': 100011018, 'supportDefinitePrice': False, 'supportOfferPrice': True}, {'serveType': 238, 'serveTypeId': 100011034, 'supportDefinitePrice': False, 'supportOfferPrice': True}], 'serverTypeIdList': [100011000, 100011006, 100011012, 100011020, 100011026, 100011028, 100011002, 100011010, 100011014, 100011022, 100011030, 100011004, 100011008, 100011016, 100011024, 100011032, 100011018, 100011034]}]}, 'toAccountInfo': None, 'userBlackInfoList': []}, 'msg': '', 'status': '1'},expected_code is 200.0 
2022-01-24 11:34:58,552 Request DEBUG 发送post请求 
2022-01-24 11:34:58,710 Request DEBUG 发送post请求 
2022-01-24 11:34:59,115 AssertUtil ERROR code error,code is {'code': 'success', 'data': {'orderId': 12183495148}, 'msg': '', 'status': '1'},expected_code is 2000.0 
2022-01-24 11:36:14,723 Request DEBUG 发送post请求 
2022-01-24 11:36:14,957 Request DEBUG 发送post请求 
2022-01-24 11:36:15,127 Request DEBUG 发送post请求 
2022-01-24 11:36:15,309 Request DEBUG 发送post请求 
2022-01-24 11:36:15,809 AssertUtil ERROR code error,code is 200,expected_code is 2000.0 
2022-01-24 11:37:58,144 Request DEBUG 发送post请求 
2022-01-24 11:37:58,303 Request DEBUG 发送post请求 
2022-01-24 11:37:58,462 Request DEBUG 发送post请求 
2022-01-24 11:37:58,622 Request DEBUG 发送post请求 
2022-01-24 11:41:59,948 Request DEBUG 发送post请求 
2022-01-24 11:42:00,134 Request DEBUG 发送post请求 
2022-01-24 11:42:00,319 Request DEBUG 发送post请求 
2022-01-24 11:42:00,470 Request DEBUG 发送post请求 
2022-01-24 11:47:52,648 Request DEBUG 发送post请求 
2022-01-24 11:47:52,914 Request DEBUG 发送post请求 
2022-01-24 11:47:53,075 Request DEBUG 发送post请求 
2022-01-24 11:47:53,230 Request DEBUG 发送post请求 
2022-01-24 11:47:53,845 AssertUtil ERROR 不包含或者body是错误，body is "{'code': 'success', 'data': {'orderId': 12183495159}, 'msg': '', 'status': '1'}",expected_body is "data" 
2022-01-24 11:49:47,041 Request DEBUG 发送post请求 
2022-01-24 11:49:47,190 Request DEBUG 发送post请求 
2022-01-24 11:49:47,332 Request DEBUG 发送post请求 
2022-01-24 11:49:47,496 Request DEBUG 发送post请求 
2022-01-24 11:49:47,881 AssertUtil ERROR 不包含或者body是错误，body is "{'code': 'success', 'data': {'orderId': 12183495161}, 'msg': '', 'status': '1'}",expected_body is "orderId" 
2022-01-24 11:50:51,332 Request DEBUG 发送post请求 
2022-01-24 11:50:51,516 Request DEBUG 发送post请求 
2022-01-24 11:50:51,688 Request DEBUG 发送post请求 
2022-01-24 11:50:51,858 Request DEBUG 发送post请求 
2022-01-24 12:06:14,667 Request DEBUG 发送post请求 
2022-01-24 12:06:15,000 Request DEBUG 发送post请求 
2022-01-24 12:06:15,195 Request DEBUG 发送post请求 
2022-01-24 12:06:15,351 Request DEBUG 发送post请求 
2022-01-24 12:08:48,692 Request DEBUG 发送post请求 
2022-01-24 12:08:49,251 Request DEBUG 发送post请求 
2022-01-24 12:08:49,819 Request DEBUG 发送post请求 
2022-01-24 12:08:50,110 Request DEBUG 发送post请求 
2022-01-24 12:08:50,711 E:\zwh_autotest\utils\loggerUtil.py DEBUG 数据库查询结果：{'order_id': 12183495171} 
2022-01-24 12:21:55,592 Request DEBUG 发送post请求 
2022-01-24 12:21:56,226 Request DEBUG 发送post请求 
2022-01-24 12:21:56,677 Request DEBUG 发送post请求 
2022-01-24 12:21:56,865 Request DEBUG 发送post请求 
2022-01-24 12:21:57,748 E:\zwh_autotest\utils\loggerUtil.py DEBUG 数据库查询结果：{'order_id': 12183495173} 
2022-01-24 12:45:52,638 Request DEBUG 发送post请求 
2022-01-24 12:45:53,246 Request DEBUG 发送post请求 
2022-01-24 12:45:53,702 Request DEBUG 发送post请求 
2022-01-24 12:45:53,843 Request DEBUG 发送post请求 
2022-01-24 12:45:54,320 E:\zwh_autotest\utils\loggerUtil.py DEBUG 数据库查询结果：{'order_id': 12183495175} 
2022-01-24 12:47:07,747 Request DEBUG 发送post请求 
2022-01-24 12:47:08,374 Request DEBUG 发送post请求 
2022-01-24 12:47:08,871 Request DEBUG 发送post请求 
2022-01-24 12:47:09,059 Request DEBUG 发送post请求 
2022-01-24 12:47:09,628 E:\zwh_autotest\utils\loggerUtil.py DEBUG 数据库查询结果：{'order_id': 12183495177} 
2022-01-24 12:49:55,115 Request DEBUG 发送post请求 
2022-01-24 12:49:55,694 Request DEBUG 发送post请求 
2022-01-24 12:49:56,150 Request DEBUG 发送post请求 
2022-01-24 12:49:56,315 Request DEBUG 发送post请求 
2022-01-24 12:49:56,904 E:\zwh_autotest\utils\loggerUtil.py DEBUG 数据库查询结果：{'orderId': 12183495179} 
2022-01-24 12:55:34,348 Request DEBUG 发送post请求 
2022-01-24 12:55:35,049 Request DEBUG 发送post请求 
2022-01-24 12:55:35,593 Request DEBUG 发送post请求 
2022-01-24 12:55:35,729 Request DEBUG 发送post请求 
2022-01-24 12:55:36,496 E:\zwh_autotest\utils\loggerUtil.py DEBUG 数据库查询结果：{'orderId': 12183495181} 
